
ROM used:   139/8192 (2%)
            139/8192 (2%) including unused fragments

            0.2 Average locations per line
            7.7 Average locations per statement

RAM used:   19/368 (5%) at main() level
            22/368 (6%) worst case

Stack used: 1 worst case (1 in main + 0 for interrupts)
Stack size: 8

Lines Stmts  %   Files
----- ----- ---  -----
   37    18 100  CODE.c
  671     0   0  C:\Program Files (x86)\PICC\Devices\16f877a.h
----- -----
  708    18 Total

Page ROM  %  RAM   Vol Diff  Functions:
---- --- --- ---   --- ----  ----------
0     21  15    1             @delay_ms1
0     93  67    0   532  5.3  main
0     21  15    3             @DIV88
 Inline         0             @cinit1

Program metrics:
    Functions               1
    Statements              18
    Comments                125
    Volume (V)              539
    Difficulty (D)          4.9
    Effort to implement (E) 2649
    Time to implement (T)   2 minutes
    Est Delivered Bugs (B)  0
    Cyclomatic Complexity   2
    Maintainability (MI)    41

 Segment     Used  Free
-----------  ----  ----
00000-00003     4  0  
00004-007FF   135  1909  
00800-00FFF     0  2048  
01000-017FF     0  2048  
01800-01FFF     0  2048  



