
ROM used:   80/8192 (1%)
            80/8192 (1%) including unused fragments

            0.1 Average locations per line
            8.9 Average locations per statement

RAM used:   7/368 (2%) at main() level
            8/368 (2%) worst case

Stack used: 1 worst case (1 in main + 0 for interrupts)
Stack size: 8

Lines Stmts  %   Files
----- ----- ---  -----
   25     9 100  BAI_TAP_PWM.c
  671     0   0  C:\Program Files (x86)\PICC\Devices\16f877a.h
----- -----
  696     9 Total

Page ROM  %  RAM   Vol Diff  Functions:
---- --- --- ---   --- ----  ----------
0     23  29    1             @delay_ms1
0     53  66    1   174  2.2  main
 Inline         0             @cinit1

Program metrics:
    Functions               1
    Statements              9
    Comments                129
    Volume (V)              179
    Difficulty (D)          2.0
    Effort to implement (E) 361
    Time to implement (T)   0 minutes
    Est Delivered Bugs (B)  0
    Cyclomatic Complexity   1
    Maintainability (MI)    61

 Segment     Used  Free
-----------  ----  ----
00000-00003     4  0  
00004-007FF    76  1968  
00800-00FFF     0  2048  
01000-017FF     0  2048  
01800-01FFF     0  2048  



