
ROM used:   214/8192 (3%)
            214/8192 (3%) including unused fragments

            0.3 Average locations per line
            7.9 Average locations per statement

RAM used:   23/368 (6%) at main() level
            28/368 (8%) worst case

Stack used: 1 worst case (1 in main + 0 for interrupts)
Stack size: 8

Lines Stmts  %   Files
----- ----- ---  -----
   44    27 100  CODE.c
  671     0   0  C:\Program Files (x86)\PICC\Devices\16f877a.h
----- -----
  715    27 Total

Page ROM  %  RAM   Vol Diff  Functions:
---- --- --- ---   --- ----  ----------
0     21  10    1             @delay_ms1
0    152  71    2   835  4.8  main
0     37  17    5             @DIV1616
 Inline         0             @cinit1

Program metrics:
    Functions               1
    Statements              27
    Comments                126
    Volume (V)              842
    Difficulty (D)          4.6
    Effort to implement (E) 3902
    Time to implement (T)   4 minutes
    Est Delivered Bugs (B)  0
    Cyclomatic Complexity   2
    Maintainability (MI)    32

 Segment     Used  Free
-----------  ----  ----
00000-00003     4  0  
00004-007FF   210  1834  
00800-00FFF     0  2048  
01000-017FF     0  2048  
01800-01FFF     0  2048  



