CCS PCM C Compiler, Version 5.015, 5967               31-Thg8-21 14:53

               Filename:   F:\TAIVE\Compressed\hienthi_lcd_vothanhnhan_cdddt19e\lcd.lst

               ROM used:   535 words (7%)
                           Largest free fragment is 2048
               RAM used:   5 (1%) at main() level
                           19 (5%) worst case
               Stack used: 5 locations
               Stack size: 8

*
0000:  MOVLW  01
0001:  MOVWF  0A
0002:  GOTO   1EF
0003:  NOP
.................... #include<16f877a.h> 
.................... //////////// Standard Header file for the PIC16F877A device //////////////// 
.................... /////////////////////////////////////////////////////////////////////////// 
.................... ////        (C) Copyright 1996, 2013 Custom Computer Services          //// 
.................... //// This source code may only be used by licensed users of the CCS C  //// 
.................... //// compiler.  This source code may only be distributed to other      //// 
.................... //// licensed users of the CCS C compiler.  No other use, reproduction //// 
.................... //// or distribution is permitted without written permission.          //// 
.................... //// Derivative programs created using this software in object code    //// 
.................... //// form are not restricted in any way.                               //// 
.................... /////////////////////////////////////////////////////////////////////////// 
.................... #device PIC16F877A 
0004:  RETLW  56
0005:  RETLW  D5
0006:  RETLW  20
0007:  RETLW  54
0008:  RETLW  48
0009:  RETLW  C0
000A:  RETLW  4E
000B:  RETLW  48
000C:  RETLW  20
000D:  RETLW  4E
000E:  RETLW  48
000F:  RETLW  C2
0010:  RETLW  4E
0011:  RETLW  00
0012:  DATA B0,19
0013:  DATA B0,19
0014:  DATA B1,1C
0015:  DATA 31,1A
0016:  DATA 39,1C
0017:  DATA 00,00
*
0169:  MOVF   0B,W
016A:  MOVWF  21
016B:  BCF    0B.7
016C:  BSF    03.5
016D:  BSF    03.6
016E:  BSF    0C.7
016F:  BSF    0C.0
0170:  NOP
0171:  NOP
0172:  BCF    03.5
0173:  BCF    03.6
0174:  BTFSC  21.7
0175:  BSF    0B.7
0176:  BSF    03.6
0177:  MOVF   0C,F
0178:  BTFSC  03.2
0179:  GOTO   193
017A:  MOVF   0D,W
017B:  BCF    03.6
017C:  MOVWF  21
017D:  BSF    03.6
017E:  MOVF   0F,W
017F:  BCF    03.6
0180:  MOVWF  22
0181:  BSF    03.6
0182:  MOVF   0C,W
0183:  BCF    03.6
0184:  MOVWF  24
0185:  CALL   13D
0186:  MOVF   21,W
0187:  BSF    03.6
0188:  MOVWF  0D
0189:  BCF    03.6
018A:  MOVF   22,W
018B:  BSF    03.6
018C:  MOVWF  0F
018D:  INCF   0D,F
018E:  BTFSC  03.2
018F:  INCF   0F,F
0190:  BCF    03.6
0191:  GOTO   169
0192:  BSF    03.6
0193:  BCF    03.6
0194:  BCF    0A.3
0195:  BCF    0A.4
0196:  GOTO   20A (RETURN)
0197:  MOVF   0B,W
0198:  MOVWF  21
0199:  BCF    0B.7
019A:  BSF    03.5
019B:  BSF    03.6
019C:  BSF    0C.7
019D:  BSF    0C.0
019E:  NOP
019F:  NOP
01A0:  BCF    03.5
01A1:  BCF    03.6
01A2:  BTFSC  21.7
01A3:  BSF    0B.7
01A4:  BSF    03.6
01A5:  MOVF   0C,W
01A6:  ANDLW  7F
01A7:  BTFSC  03.2
01A8:  GOTO   1EB
01A9:  BCF    03.6
01AA:  MOVWF  21
01AB:  BSF    03.6
01AC:  MOVF   0D,W
01AD:  BCF    03.6
01AE:  MOVWF  22
01AF:  BSF    03.6
01B0:  MOVF   0F,W
01B1:  BCF    03.6
01B2:  MOVWF  23
01B3:  MOVF   21,W
01B4:  MOVWF  24
01B5:  CALL   13D
01B6:  MOVF   22,W
01B7:  BSF    03.6
01B8:  MOVWF  0D
01B9:  BCF    03.6
01BA:  MOVF   23,W
01BB:  BSF    03.6
01BC:  MOVWF  0F
01BD:  BCF    03.6
01BE:  MOVF   0B,W
01BF:  MOVWF  24
01C0:  BCF    0B.7
01C1:  BSF    03.5
01C2:  BSF    03.6
01C3:  BSF    0C.7
01C4:  BSF    0C.0
01C5:  NOP
01C6:  NOP
01C7:  BCF    03.5
01C8:  BCF    03.6
01C9:  BTFSC  24.7
01CA:  BSF    0B.7
01CB:  BSF    03.6
01CC:  RLF    0C,W
01CD:  RLF    0E,W
01CE:  ANDLW  7F
01CF:  BTFSC  03.2
01D0:  GOTO   1EB
01D1:  BCF    03.6
01D2:  MOVWF  21
01D3:  BSF    03.6
01D4:  MOVF   0D,W
01D5:  BCF    03.6
01D6:  MOVWF  22
01D7:  BSF    03.6
01D8:  MOVF   0F,W
01D9:  BCF    03.6
01DA:  MOVWF  23
01DB:  MOVF   21,W
01DC:  MOVWF  24
01DD:  CALL   13D
01DE:  MOVF   22,W
01DF:  BSF    03.6
01E0:  MOVWF  0D
01E1:  BCF    03.6
01E2:  MOVF   23,W
01E3:  BSF    03.6
01E4:  MOVWF  0F
01E5:  INCF   0D,F
01E6:  BTFSC  03.2
01E7:  INCF   0F,F
01E8:  BCF    03.6
01E9:  GOTO   197
01EA:  BSF    03.6
01EB:  BCF    03.6
01EC:  BCF    0A.3
01ED:  BCF    0A.4
01EE:  GOTO   216 (RETURN)
....................  
.................... #list 
....................  
.................... #fuses hs 
.................... #use delay (clock = 4M) 
*
0018:  MOVLW  26
0019:  MOVWF  04
001A:  BCF    03.7
001B:  MOVF   00,W
001C:  BTFSC  03.2
001D:  GOTO   02C
001E:  MOVLW  01
001F:  MOVWF  78
0020:  CLRF   77
0021:  DECFSZ 77,F
0022:  GOTO   021
0023:  DECFSZ 78,F
0024:  GOTO   020
0025:  MOVLW  4A
0026:  MOVWF  77
0027:  DECFSZ 77,F
0028:  GOTO   027
0029:  GOTO   02A
002A:  DECFSZ 00,F
002B:  GOTO   01E
002C:  RETURN
....................  #define LCD_ENABLE_PIN  PIN_A3                                     
.................... #define LCD_RS_PIN      PIN_A1                                     
.................... #define LCD_RW_PIN      PIN_A2                                    
.................... #define LCD_DATA4       PIN_D4                                     
.................... #define LCD_DATA5       PIN_D5                                    
.................... #define LCD_DATA6       PIN_D6                                     
.................... #define LCD_DATA7       PIN_D7                                     
.................... #include<lcd.c> 
.................... /////////////////////////////////////////////////////////////////////////////// 
.................... ////                             LCD.C                                     //// 
.................... ////                 Driver for common LCD modules                         //// 
.................... ////                                                                       //// 
.................... ////  lcd_init()   Must be called before any other function.               //// 
.................... ////                                                                       //// 
.................... ////  lcd_putc(c)  Will display c on the next position of the LCD.         //// 
.................... ////                 \a  Set cursor position to upper left                 //// 
.................... ////                 \f  Clear display, set cursor to upper left           //// 
.................... ////                 \n  Go to start of second line                        //// 
.................... ////                 \b  Move back one position                            //// 
.................... ////              If LCD_EXTENDED_NEWLINE is defined, the \n character     //// 
.................... ////              will erase all remanining characters on the current      //// 
.................... ////              line, and move the cursor to the beginning of the next   //// 
.................... ////              line.                                                    //// 
.................... ////              If LCD_EXTENDED_NEWLINE is defined, the \r character     //// 
.................... ////              will move the cursor to the start of the current         //// 
.................... ////              line.                                                    //// 
.................... ////                                                                       //// 
.................... ////  lcd_gotoxy(x,y) Set write position on LCD (upper left is 1,1)        //// 
.................... ////                                                                       //// 
.................... ////  lcd_getc(x,y)   Returns character at position x,y on LCD             //// 
.................... ////                                                                       //// 
.................... ////  lcd_cursor_on(int1 on)   Turn the cursor on (on=TRUE) or off         //// 
.................... ////              (on=FALSE).                                              //// 
.................... ////                                                                       //// 
.................... ////  lcd_set_cgram_char(w, *p)   Write a custom character to the CGRAM.   //// 
.................... ////                                                                       //// 
.................... ////                                                                       //// 
.................... ////  CONFIGURATION                                                        //// 
.................... ////  The LCD can be configured in one of two ways: a.) port access or     //// 
.................... ////  b.) pin access.  Port access requires the entire 7 bit interface     //// 
.................... ////  connected to one GPIO port, and the data bits (D4:D7 of the LCD)     //// 
.................... ////  connected to sequential pins on the GPIO.  Pin access                //// 
.................... ////  has no requirements, all 7 bits of the control interface can         //// 
.................... ////  can be connected to any GPIO using several ports.                    //// 
.................... ////                                                                       //// 
.................... ////  To use port access, #define LCD_DATA_PORT to the SFR location of     //// 
.................... ////  of the GPIO port that holds the interface, -AND- edit LCD_PIN_MAP    //// 
.................... ////  of this file to configure the pin order.  If you are using a         //// 
.................... ////  baseline PIC (PCB), then LCD_OUTPUT_MAP and LCD_INPUT_MAP also must  //// 
.................... ////  be defined.                                                          //// 
.................... ////                                                                       //// 
.................... ////  Example of port access:                                              //// 
.................... ////     #define LCD_DATA_PORT getenv("SFR:PORTD")                         //// 
.................... ////                                                                       //// 
.................... ////  To use pin access, the following pins must be defined:               //// 
.................... ////     LCD_ENABLE_PIN                                                    //// 
.................... ////     LCD_RS_PIN                                                        //// 
.................... ////     LCD_RW_PIN                                                        //// 
.................... ////     LCD_DATA4                                                         //// 
.................... ////     LCD_DATA5                                                         //// 
.................... ////     LCD_DATA6                                                         //// 
.................... ////     LCD_DATA7                                                         //// 
.................... ////                                                                       //// 
.................... ////  Example of pin access:                                               //// 
.................... ////     #define LCD_ENABLE_PIN  PIN_E0                                    //// 
.................... ////     #define LCD_RS_PIN      PIN_E1                                    //// 
.................... ////     #define LCD_RW_PIN      PIN_E2                                    //// 
.................... ////     #define LCD_DATA4       PIN_D4                                    //// 
.................... ////     #define LCD_DATA5       PIN_D5                                    //// 
.................... ////     #define LCD_DATA6       PIN_D6                                    //// 
.................... ////     #define LCD_DATA7       PIN_D7                                    //// 
.................... ////                                                                       //// 
.................... /////////////////////////////////////////////////////////////////////////////// 
.................... ////        (C) Copyright 1996,2010 Custom Computer Services           //// 
.................... //// This source code may only be used by licensed users of the CCS C  //// 
.................... //// compiler.  This source code may only be distributed to other      //// 
.................... //// licensed users of the CCS C compiler.  No other use, reproduction //// 
.................... //// or distribution is permitted without written permission.          //// 
.................... //// Derivative programs created using this software in object code    //// 
.................... //// form are not restricted in any way.                               //// 
.................... /////////////////////////////////////////////////////////////////////////// 
....................  
.................... #ifndef __LCD_C__ 
.................... #define __LCD_C__ 
....................  
.................... // define the pinout. 
.................... // only required if port access is being used. 
.................... typedef struct   
.................... {                            // This structure is overlayed 
....................    int1 enable;           // on to an I/O port to gain 
....................    int1 rs;               // access to the LCD pins. 
....................    int1 rw;               // The bits are allocated from 
....................    int1 unused;           // low order up.  ENABLE will 
....................    unsigned int     data : 4;         // be LSB pin of that port. 
....................   #if defined(__PCD__)       // The port used will be LCD_DATA_PORT. 
....................    unsigned int    reserved: 8; 
....................   #endif 
.................... } LCD_PIN_MAP; 
....................  
.................... // this is to improve compatability with previous LCD drivers that accepted 
.................... // a define labeled 'use_portb_lcd' that configured the LCD onto port B. 
.................... #if ((defined(use_portb_lcd)) && (use_portb_lcd==TRUE)) 
....................  #define LCD_DATA_PORT getenv("SFR:PORTB") 
.................... #endif 
....................  
.................... #if defined(__PCB__) 
....................    // these definitions only need to be modified for baseline PICs. 
....................    // all other PICs use LCD_PIN_MAP or individual LCD_xxx pin definitions. 
.................... /*                                    EN, RS,   RW,   UNUSED,  DATA  */ 
....................  const LCD_PIN_MAP LCD_OUTPUT_MAP =  {0,  0,    0,    0,       0}; 
....................  const LCD_PIN_MAP LCD_INPUT_MAP =   {0,  0,    0,    0,       0xF}; 
.................... #endif 
....................  
.................... ////////////////////// END CONFIGURATION /////////////////////////////////// 
....................  
.................... #ifndef LCD_ENABLE_PIN 
....................    #define lcd_output_enable(x) lcdlat.enable=x 
....................    #define lcd_enable_tris()   lcdtris.enable=0 
.................... #else 
....................    #define lcd_output_enable(x) output_bit(LCD_ENABLE_PIN, x) 
....................    #define lcd_enable_tris()  output_drive(LCD_ENABLE_PIN) 
.................... #endif 
....................  
.................... #ifndef LCD_RS_PIN 
....................    #define lcd_output_rs(x) lcdlat.rs=x 
....................    #define lcd_rs_tris()   lcdtris.rs=0 
.................... #else 
....................    #define lcd_output_rs(x) output_bit(LCD_RS_PIN, x) 
....................    #define lcd_rs_tris()  output_drive(LCD_RS_PIN) 
.................... #endif 
....................  
.................... #ifndef LCD_RW_PIN 
....................    #define lcd_output_rw(x) lcdlat.rw=x 
....................    #define lcd_rw_tris()   lcdtris.rw=0 
.................... #else 
....................    #define lcd_output_rw(x) output_bit(LCD_RW_PIN, x) 
....................    #define lcd_rw_tris()  output_drive(LCD_RW_PIN) 
.................... #endif 
....................  
.................... // original version of this library incorrectly labeled LCD_DATA0 as LCD_DATA4, 
.................... // LCD_DATA1 as LCD_DATA5, and so on.  this block of code makes the driver 
.................... // compatible with any code written for the original library 
.................... #if (defined(LCD_DATA0) && defined(LCD_DATA1) && defined(LCD_DATA2) && defined(LCD_DATA3) && !defined(LCD_DATA4) && !defined(LCD_DATA5) && !defined(LCD_DATA6) && !defined(LCD_DATA7)) 
....................    #define  LCD_DATA4    LCD_DATA0 
....................    #define  LCD_DATA5    LCD_DATA1 
....................    #define  LCD_DATA6    LCD_DATA2 
....................    #define  LCD_DATA7    LCD_DATA3 
.................... #endif 
....................  
.................... #ifndef LCD_DATA4 
.................... #ifndef LCD_DATA_PORT 
....................    #if defined(__PCB__) 
....................       #define LCD_DATA_PORT      0x06     //portb 
....................       #define set_tris_lcd(x)   set_tris_b(x) 
....................    #else 
....................      #if defined(PIN_D0) 
....................       #define LCD_DATA_PORT      getenv("SFR:PORTD")     //portd 
....................      #else 
....................       #define LCD_DATA_PORT      getenv("SFR:PORTB")     //portb 
....................      #endif 
....................    #endif    
.................... #endif 
....................  
.................... #if defined(__PCB__) 
....................    LCD_PIN_MAP lcd, lcdlat; 
....................    #byte lcd = LCD_DATA_PORT 
....................    #byte lcdlat = LCD_DATA_PORT 
.................... #elif defined(__PCM__) 
....................    LCD_PIN_MAP lcd, lcdlat, lcdtris; 
....................    #byte lcd = LCD_DATA_PORT 
....................    #byte lcdlat = LCD_DATA_PORT 
....................    #byte lcdtris = LCD_DATA_PORT+0x80 
.................... #elif defined(__PCH__) 
....................    LCD_PIN_MAP lcd, lcdlat, lcdtris; 
....................    #byte lcd = LCD_DATA_PORT 
....................    #byte lcdlat = LCD_DATA_PORT+9 
....................    #byte lcdtris = LCD_DATA_PORT+0x12 
.................... #elif defined(__PCD__) 
....................    LCD_PIN_MAP lcd, lcdlat, lcdtris; 
....................    #word lcd = LCD_DATA_PORT 
....................    #word lcdlat = LCD_DATA_PORT+2 
....................    #word lcdtris = LCD_DATA_PORT-0x02 
.................... #endif 
.................... #endif   //LCD_DATA4 not defined 
....................  
.................... #ifndef LCD_TYPE 
....................    #define LCD_TYPE 2           // 0=5x7, 1=5x10, 2=2 lines 
.................... #endif 
....................  
.................... #ifndef LCD_LINE_TWO 
....................    #define LCD_LINE_TWO 0x40    // LCD RAM address for the second line 
.................... #endif 
....................  
.................... #ifndef LCD_LINE_LENGTH 
....................    #define LCD_LINE_LENGTH 20 
.................... #endif 
....................  
.................... unsigned int8 lcd_read_nibble(void); 
....................  
.................... unsigned int8 lcd_read_byte(void) 
.................... { 
....................    unsigned int8 low,high; 
....................  
....................  #if defined(__PCB__) 
....................    set_tris_lcd(LCD_INPUT_MAP); 
....................  #else 
....................   #if (defined(LCD_DATA4) && defined(LCD_DATA5) && defined(LCD_DATA6) && defined(LCD_DATA7)) 
....................    output_float(LCD_DATA4); 
*
0091:  BSF    08.4
....................    output_float(LCD_DATA5); 
0092:  BSF    08.5
....................    output_float(LCD_DATA6); 
0093:  BSF    08.6
....................    output_float(LCD_DATA7); 
0094:  BSF    08.7
....................   #else 
....................    lcdtris.data = 0xF; 
....................   #endif 
....................  #endif 
....................          
....................    lcd_output_rw(1); 
0095:  BCF    03.5
0096:  BSF    05.2
0097:  BSF    03.5
0098:  BCF    05.2
....................    delay_cycles(1); 
0099:  NOP
....................    lcd_output_enable(1); 
009A:  BCF    03.5
009B:  BSF    05.3
009C:  BSF    03.5
009D:  BCF    05.3
....................    delay_cycles(1); 
009E:  NOP
....................    high = lcd_read_nibble(); 
009F:  BCF    03.5
00A0:  CALL   058
00A1:  MOVF   78,W
00A2:  MOVWF  2C
....................        
....................    lcd_output_enable(0); 
00A3:  BCF    05.3
00A4:  BSF    03.5
00A5:  BCF    05.3
....................    delay_cycles(1); 
00A6:  NOP
....................    lcd_output_enable(1); 
00A7:  BCF    03.5
00A8:  BSF    05.3
00A9:  BSF    03.5
00AA:  BCF    05.3
....................    delay_us(1); 
00AB:  NOP
....................    low = lcd_read_nibble(); 
00AC:  BCF    03.5
00AD:  CALL   058
00AE:  MOVF   78,W
00AF:  MOVWF  2B
....................        
....................    lcd_output_enable(0); 
00B0:  BCF    05.3
00B1:  BSF    03.5
00B2:  BCF    05.3
....................  
....................  #if defined(__PCB__) 
....................    set_tris_lcd(LCD_OUTPUT_MAP); 
....................  #else 
....................   #if (defined(LCD_DATA4) && defined(LCD_DATA5) && defined(LCD_DATA6) && defined(LCD_DATA7)) 
....................    output_drive(LCD_DATA4); 
00B3:  BCF    08.4
....................    output_drive(LCD_DATA5); 
00B4:  BCF    08.5
....................    output_drive(LCD_DATA6); 
00B5:  BCF    08.6
....................    output_drive(LCD_DATA7); 
00B6:  BCF    08.7
....................   #else 
....................    lcdtris.data = 0x0; 
....................   #endif 
....................  #endif 
....................  
....................    return( (high<<4) | low); 
00B7:  BCF    03.5
00B8:  SWAPF  2C,W
00B9:  MOVWF  77
00BA:  MOVLW  F0
00BB:  ANDWF  77,F
00BC:  MOVF   77,W
00BD:  IORWF  2B,W
00BE:  MOVWF  78
.................... } 
....................  
.................... unsigned int8 lcd_read_nibble(void) 
.................... { 
....................   #if (defined(LCD_DATA4) && defined(LCD_DATA5) && defined(LCD_DATA6) && defined(LCD_DATA7)) 
*
0058:  CLRF   2D
....................    unsigned int8 n = 0x00; 
....................  
....................    /* Read the data port */ 
....................    n |= input(LCD_DATA4); 
0059:  BSF    03.5
005A:  BSF    08.4
005B:  MOVLW  00
005C:  BCF    03.5
005D:  BTFSC  08.4
005E:  MOVLW  01
005F:  IORWF  2D,F
....................    n |= input(LCD_DATA5) << 1; 
0060:  BSF    03.5
0061:  BSF    08.5
0062:  MOVLW  00
0063:  BCF    03.5
0064:  BTFSC  08.5
0065:  MOVLW  01
0066:  MOVWF  77
0067:  BCF    03.0
0068:  RLF    77,F
0069:  MOVF   77,W
006A:  IORWF  2D,F
....................    n |= input(LCD_DATA6) << 2; 
006B:  BSF    03.5
006C:  BSF    08.6
006D:  MOVLW  00
006E:  BCF    03.5
006F:  BTFSC  08.6
0070:  MOVLW  01
0071:  MOVWF  77
0072:  RLF    77,F
0073:  RLF    77,F
0074:  MOVLW  FC
0075:  ANDWF  77,F
0076:  MOVF   77,W
0077:  IORWF  2D,F
....................    n |= input(LCD_DATA7) << 3; 
0078:  BSF    03.5
0079:  BSF    08.7
007A:  MOVLW  00
007B:  BCF    03.5
007C:  BTFSC  08.7
007D:  MOVLW  01
007E:  MOVWF  77
007F:  RLF    77,F
0080:  RLF    77,F
0081:  RLF    77,F
0082:  MOVLW  F8
0083:  ANDWF  77,F
0084:  MOVF   77,W
0085:  IORWF  2D,F
....................     
....................    return(n); 
0086:  MOVF   2D,W
0087:  MOVWF  78
....................   #else 
0088:  RETURN
....................    return(lcd.data); 
....................   #endif 
.................... } 
....................  
.................... void lcd_send_nibble(unsigned int8 n) 
.................... { 
....................   #if (defined(LCD_DATA4) && defined(LCD_DATA5) && defined(LCD_DATA6) && defined(LCD_DATA7)) 
....................    /* Write to the data port */ 
....................    output_bit(LCD_DATA4, bit_test(n, 0)); 
*
002D:  BTFSC  2C.0
002E:  GOTO   031
002F:  BCF    08.4
0030:  GOTO   032
0031:  BSF    08.4
0032:  BSF    03.5
0033:  BCF    08.4
....................    output_bit(LCD_DATA5, bit_test(n, 1)); 
0034:  BCF    03.5
0035:  BTFSC  2C.1
0036:  GOTO   039
0037:  BCF    08.5
0038:  GOTO   03A
0039:  BSF    08.5
003A:  BSF    03.5
003B:  BCF    08.5
....................    output_bit(LCD_DATA6, bit_test(n, 2)); 
003C:  BCF    03.5
003D:  BTFSC  2C.2
003E:  GOTO   041
003F:  BCF    08.6
0040:  GOTO   042
0041:  BSF    08.6
0042:  BSF    03.5
0043:  BCF    08.6
....................    output_bit(LCD_DATA7, bit_test(n, 3)); 
0044:  BCF    03.5
0045:  BTFSC  2C.3
0046:  GOTO   049
0047:  BCF    08.7
0048:  GOTO   04A
0049:  BSF    08.7
004A:  BSF    03.5
004B:  BCF    08.7
....................   #else       
....................    lcdlat.data = n; 
....................   #endif 
....................        
....................    delay_cycles(1); 
004C:  NOP
....................    lcd_output_enable(1); 
004D:  BCF    03.5
004E:  BSF    05.3
004F:  BSF    03.5
0050:  BCF    05.3
....................    delay_us(2); 
0051:  GOTO   052
....................    lcd_output_enable(0); 
0052:  BCF    03.5
0053:  BCF    05.3
0054:  BSF    03.5
0055:  BCF    05.3
0056:  BCF    03.5
0057:  RETURN
.................... } 
....................  
.................... void lcd_send_byte(unsigned int8 address, unsigned int8 n) 
.................... { 
....................   #if defined(__PCB__) 
....................    set_tris_lcd(LCD_OUTPUT_MAP); 
....................   #else 
....................    lcd_enable_tris(); 
*
0089:  BSF    03.5
008A:  BCF    05.3
....................    lcd_rs_tris(); 
008B:  BCF    05.1
....................    lcd_rw_tris(); 
008C:  BCF    05.2
....................   #endif 
....................  
....................    lcd_output_rs(0); 
008D:  BCF    03.5
008E:  BCF    05.1
008F:  BSF    03.5
0090:  BCF    05.1
....................    while ( bit_test(lcd_read_byte(),7) ) ; 
*
00BF:  MOVF   78,W
00C0:  MOVWF  2B
00C1:  BTFSS  2B.7
00C2:  GOTO   0C5
00C3:  BSF    03.5
00C4:  GOTO   091
....................    lcd_output_rs(address); 
00C5:  MOVF   29,F
00C6:  BTFSS  03.2
00C7:  GOTO   0CA
00C8:  BCF    05.1
00C9:  GOTO   0CB
00CA:  BSF    05.1
00CB:  BSF    03.5
00CC:  BCF    05.1
....................    delay_cycles(1); 
00CD:  NOP
....................    lcd_output_rw(0); 
00CE:  BCF    03.5
00CF:  BCF    05.2
00D0:  BSF    03.5
00D1:  BCF    05.2
....................    delay_cycles(1); 
00D2:  NOP
....................    lcd_output_enable(0); 
00D3:  BCF    03.5
00D4:  BCF    05.3
00D5:  BSF    03.5
00D6:  BCF    05.3
....................    lcd_send_nibble(n >> 4); 
00D7:  BCF    03.5
00D8:  SWAPF  2A,W
00D9:  MOVWF  2B
00DA:  MOVLW  0F
00DB:  ANDWF  2B,F
00DC:  MOVF   2B,W
00DD:  MOVWF  2C
00DE:  CALL   02D
....................    lcd_send_nibble(n & 0xf); 
00DF:  MOVF   2A,W
00E0:  ANDLW  0F
00E1:  MOVWF  2B
00E2:  MOVWF  2C
00E3:  CALL   02D
00E4:  RETURN
.................... } 
....................  
.................... #if defined(LCD_EXTENDED_NEWLINE) 
.................... unsigned int8 g_LcdX, g_LcdY; 
.................... #endif 
....................  
.................... void lcd_init(void)  
.................... { 
....................    unsigned int8 i; 
....................    unsigned int8 LCD_INIT_STRING[4] = {0x20 | (LCD_TYPE << 2), 0xc, 1, 6}; 
00E5:  MOVLW  28
00E6:  MOVWF  22
00E7:  MOVLW  0C
00E8:  MOVWF  23
00E9:  MOVLW  01
00EA:  MOVWF  24
00EB:  MOVLW  06
00EC:  MOVWF  25
....................                              // These bytes need to be sent to the LCD 
....................                              // to start it up. 
....................     
....................  
....................    lcd_output_enable(0); 
00ED:  BCF    05.3
00EE:  BSF    03.5
00EF:  BCF    05.3
....................    lcd_output_rs(0); 
00F0:  BCF    03.5
00F1:  BCF    05.1
00F2:  BSF    03.5
00F3:  BCF    05.1
....................    lcd_output_rw(0); 
00F4:  BCF    03.5
00F5:  BCF    05.2
00F6:  BSF    03.5
00F7:  BCF    05.2
....................  
....................  #if defined(__PCB__) 
....................    set_tris_lcd(LCD_OUTPUT_MAP); 
....................  #else 
....................   #if (defined(LCD_DATA4) && defined(LCD_DATA5) && defined(LCD_DATA6) && defined(LCD_DATA7)) 
....................    output_drive(LCD_DATA4); 
00F8:  BCF    08.4
....................    output_drive(LCD_DATA5); 
00F9:  BCF    08.5
....................    output_drive(LCD_DATA6); 
00FA:  BCF    08.6
....................    output_drive(LCD_DATA7); 
00FB:  BCF    08.7
....................   #else 
....................    lcdtris.data = 0x0; 
....................   #endif 
....................    lcd_enable_tris(); 
00FC:  BCF    05.3
....................    lcd_rs_tris(); 
00FD:  BCF    05.1
....................    lcd_rw_tris(); 
00FE:  BCF    05.2
....................  #endif 
....................      
....................    delay_ms(15); 
00FF:  MOVLW  0F
0100:  BCF    03.5
0101:  MOVWF  26
0102:  CALL   018
....................    for(i=1;i<=3;++i) 
0103:  MOVLW  01
0104:  MOVWF  21
0105:  MOVF   21,W
0106:  SUBLW  03
0107:  BTFSS  03.0
0108:  GOTO   111
....................    { 
....................        lcd_send_nibble(3); 
0109:  MOVLW  03
010A:  MOVWF  2C
010B:  CALL   02D
....................        delay_ms(5); 
010C:  MOVLW  05
010D:  MOVWF  26
010E:  CALL   018
010F:  INCF   21,F
0110:  GOTO   105
....................    } 
....................     
....................    lcd_send_nibble(2); 
0111:  MOVLW  02
0112:  MOVWF  2C
0113:  CALL   02D
....................    delay_ms(5); 
0114:  MOVLW  05
0115:  MOVWF  26
0116:  CALL   018
....................    for(i=0;i<=3;++i) 
0117:  CLRF   21
0118:  MOVF   21,W
0119:  SUBLW  03
011A:  BTFSS  03.0
011B:  GOTO   128
....................       lcd_send_byte(0,LCD_INIT_STRING[i]); 
011C:  MOVLW  22
011D:  ADDWF  21,W
011E:  MOVWF  04
011F:  BCF    03.7
0120:  MOVF   00,W
0121:  MOVWF  26
0122:  CLRF   29
0123:  MOVF   26,W
0124:  MOVWF  2A
0125:  CALL   089
....................  
....................   #if defined(LCD_EXTENDED_NEWLINE) 
0126:  INCF   21,F
0127:  GOTO   118
0128:  BCF    0A.3
0129:  BCF    0A.4
012A:  GOTO   1FF (RETURN)
....................    g_LcdX = 0; 
....................    g_LcdY = 0; 
....................   #endif 
.................... } 
....................  
.................... void lcd_gotoxy(unsigned int8 x, unsigned int8 y) 
.................... { 
....................    unsigned int8 address; 
....................     
....................    if(y!=1) 
012B:  DECFSZ 26,W
012C:  GOTO   12E
012D:  GOTO   131
....................       address=LCD_LINE_TWO; 
012E:  MOVLW  40
012F:  MOVWF  27
0130:  GOTO   132
....................    else 
....................       address=0; 
0131:  CLRF   27
....................       
....................    address+=x-1; 
0132:  MOVLW  01
0133:  SUBWF  25,W
0134:  ADDWF  27,F
....................    lcd_send_byte(0,0x80|address); 
0135:  MOVF   27,W
0136:  IORLW  80
0137:  MOVWF  28
0138:  CLRF   29
0139:  MOVF   28,W
013A:  MOVWF  2A
013B:  CALL   089
....................  
....................   #if defined(LCD_EXTENDED_NEWLINE) 
013C:  RETURN
....................    g_LcdX = x - 1; 
....................    g_LcdY = y - 1; 
....................   #endif 
.................... } 
....................  
.................... void lcd_putc(char c) 
.................... { 
....................    switch (c) 
013D:  MOVF   24,W
013E:  XORLW  07
013F:  BTFSC  03.2
0140:  GOTO   14B
0141:  XORLW  0B
0142:  BTFSC  03.2
0143:  GOTO   150
0144:  XORLW  06
0145:  BTFSC  03.2
0146:  GOTO   158
0147:  XORLW  02
0148:  BTFSC  03.2
0149:  GOTO   15E
014A:  GOTO   163
....................    { 
....................       case '\a'   :  lcd_gotoxy(1,1);     break; 
014B:  MOVLW  01
014C:  MOVWF  25
014D:  MOVWF  26
014E:  CALL   12B
014F:  GOTO   168
....................  
....................       case '\f'   :  lcd_send_byte(0,1); 
0150:  CLRF   29
0151:  MOVLW  01
0152:  MOVWF  2A
0153:  CALL   089
....................                      delay_ms(2); 
0154:  MOVLW  02
0155:  MOVWF  26
0156:  CALL   018
....................                     #if defined(LCD_EXTENDED_NEWLINE) 
....................                      g_LcdX = 0; 
....................                      g_LcdY = 0; 
....................                     #endif 
....................                      break; 
0157:  GOTO   168
....................  
....................      #if defined(LCD_EXTENDED_NEWLINE) 
....................       case '\r'   :  lcd_gotoxy(1, g_LcdY+1);   break; 
....................       case '\n'   : 
....................          while (g_LcdX++ < LCD_LINE_LENGTH) 
....................          { 
....................             lcd_send_byte(1, ' '); 
....................          } 
....................          lcd_gotoxy(1, g_LcdY+2); 
....................          break; 
....................      #else 
....................       case '\n'   : lcd_gotoxy(1,2);        break; 
0158:  MOVLW  01
0159:  MOVWF  25
015A:  MOVLW  02
015B:  MOVWF  26
015C:  CALL   12B
015D:  GOTO   168
....................      #endif 
....................       
....................       case '\b'   : lcd_send_byte(0,0x10);  break; 
015E:  CLRF   29
015F:  MOVLW  10
0160:  MOVWF  2A
0161:  CALL   089
0162:  GOTO   168
....................       
....................      #if defined(LCD_EXTENDED_NEWLINE) 
....................       default     :  
....................          if (g_LcdX < LCD_LINE_LENGTH) 
....................          { 
....................             lcd_send_byte(1, c); 
....................             g_LcdX++; 
....................          } 
....................          break; 
....................      #else 
....................       default     : lcd_send_byte(1,c);     break; 
0163:  MOVLW  01
0164:  MOVWF  29
0165:  MOVF   24,W
0166:  MOVWF  2A
0167:  CALL   089
....................      #endif 
....................    } 
0168:  RETURN
.................... } 
....................   
.................... char lcd_getc(unsigned int8 x, unsigned int8 y) 
.................... { 
....................    char value; 
....................  
....................    lcd_gotoxy(x,y); 
....................    while ( bit_test(lcd_read_byte(),7) ); // wait until busy flag is low 
....................    lcd_output_rs(1); 
....................    value = lcd_read_byte(); 
....................    lcd_output_rs(0); 
....................     
....................    return(value); 
.................... } 
....................  
.................... // write a custom character to the ram 
.................... // which is 0-7 and specifies which character array we are modifying. 
.................... // ptr points to an array of 8 bytes, where each byte is the next row of 
.................... //    pixels.  only bits 0-4 are used.  the last row is the cursor row, and 
.................... //    usually you will want to leave this byte 0x00. 
.................... void lcd_set_cgram_char(unsigned int8 which, unsigned int8 *ptr) 
.................... { 
....................    unsigned int i; 
....................  
....................    which <<= 3; 
....................    which &= 0x38; 
....................  
....................    lcd_send_byte(0, 0x40 | which);  //set cgram address 
....................  
....................    for(i=0; i<8; i++) 
....................    { 
....................       lcd_send_byte(1, *ptr++); 
....................    } 
....................    
....................    #if defined(LCD_EXTENDED_NEWLINE) 
....................     lcd_gotoxy(g_LcdX+1, g_LcdY+1);  //set ddram address 
....................    #endif 
.................... } 
....................  
.................... void lcd_cursor_on(int1 on) 
.................... { 
....................    if (on) 
....................    { 
....................       lcd_send_byte(0,0x0F);           //turn LCD cursor ON 
....................    } 
....................    else 
....................    { 
....................       lcd_send_byte(0,0x0C);           //turn LCD cursor OFF 
....................    } 
.................... } 
....................  
.................... #endif 
....................  
.................... void main() 
*
01EF:  MOVF   03,W
01F0:  ANDLW  1F
01F1:  MOVWF  03
01F2:  BSF    03.5
01F3:  BSF    1F.0
01F4:  BSF    1F.1
01F5:  BSF    1F.2
01F6:  BCF    1F.3
01F7:  MOVLW  07
01F8:  MOVWF  1C
01F9:  BCF    03.7
.................... { 
....................    set_tris_a(0b0000000); 
01FA:  MOVLW  00
01FB:  MOVWF  05
....................    set_tris_b(0b00000000); 
01FC:  MOVWF  06
....................    lcd_init(); 
01FD:  BCF    03.5
01FE:  GOTO   0E5
....................    lcd_gotoxy(1,1); 
01FF:  MOVLW  01
0200:  MOVWF  25
0201:  MOVWF  26
0202:  CALL   12B
....................    lcd_putc("VÕ THÀNH NHÂN"); 
0203:  MOVLW  04
0204:  BSF    03.6
0205:  MOVWF  0D
0206:  MOVLW  00
0207:  MOVWF  0F
0208:  BCF    03.6
0209:  GOTO   169
....................    lcd_gotoxy(1,2); 
020A:  MOVLW  01
020B:  MOVWF  25
020C:  MOVLW  02
020D:  MOVWF  26
020E:  CALL   12B
....................    lcd_putc("0303191498"); 
020F:  MOVLW  12
0210:  BSF    03.6
0211:  MOVWF  0D
0212:  MOVLW  00
0213:  MOVWF  0F
0214:  BCF    03.6
0215:  GOTO   197
.................... } 
0216:  SLEEP

Configuration Fuses:
   Word  1: 3F72   HS NOWDT PUT BROWNOUT NOLVP NOCPD NOWRT NODEBUG NOPROTECT
