
ROM used:   535/8192 (7%)
            535/8192 (7%) including unused fragments

            0.5 Average locations per line
            5.0 Average locations per statement

RAM used:   5/368 (1%) at main() level
            19/368 (5%) worst case

Stack used: 5 worst case (5 in main + 0 for interrupts)
Stack size: 8

Lines Stmts  %   Files
----- ----- ---  -----
   22     7   7  lcd.c
  671     0   0  C:\Program Files (x86)\PICC\Devices\16f877a.h
  456   100  93  C:\Program Files (x86)\PICC\Drivers\lcd.c
----- -----
 1149   107 Total

Page ROM  %  RAM   Vol Diff  Functions:
---- --- --- ---   --- ----  ----------
0     21   4    1             @delay_ms1
 Inline         3   760  4.5  lcd_read_byte
0     49   9    2   262  3.7  lcd_read_nibble
0     43   8    1   399  2.4  lcd_send_nibble
0     92  17    3   415  3.7  lcd_send_byte
0     70  13    6   852  6.2  lcd_init
0     18   3    4   208  6.3  lcd_gotoxy
0     44   8    1   354  4.7  lcd_putc
0     40   7    0   147  1.7  MAIN
0     14   3    0             @const660
0     46   9    2             @PSTRINGC_645
0      6   1    0             @const662
0     88  16    4             @PSTRINGC7_645
 Inline         0             @cinit1

Program metrics:
    Functions               8
    Statements              107
    Comments                221
    Volume (V)              5139
    Difficulty (D)          32.0
    Effort to implement (E) 164215
    Time to implement (T)   2 hours, 32 minutes
    Est Delivered Bugs (B)  1
    Cyclomatic Complexity   8
    Maintainability (MI)    143

 Segment     Used  Free
-----------  ----  ----
00000-00003     4  0  
00004-007FF   531  1513  
00800-00FFF     0  2048  
01000-017FF     0  2048  
01800-01FFF     0  2048  



