
ROM used:   83/8192 (1%)
            83/8192 (1%) including unused fragments

            0.1 Average locations per line
            5.9 Average locations per statement

RAM used:   15/368 (4%) at main() level
            16/368 (4%) worst case

Stack used: 1 worst case (1 in main + 0 for interrupts)
Stack size: 8

Lines Stmts  %   Files
----- ----- ---  -----
   32    14 100  main.c
  671     0   0  C:\Program Files (x86)\PICC\Devices\16f877a.h
----- -----
  703    14 Total

Page ROM  %  RAM   Vol Diff  Functions:
---- --- --- ---   --- ----  ----------
0     21  25    1             @delay_ms1
0     58  70    0   297  2.8  main
 Inline         0             @cinit1

Program metrics:
    Functions               1
    Statements              14
    Comments                129
    Volume (V)              302
    Difficulty (D)          2.6
    Effort to implement (E) 789
    Time to implement (T)   1 minutes
    Est Delivered Bugs (B)  0
    Cyclomatic Complexity   1
    Maintainability (MI)    51

 Segment     Used  Free
-----------  ----  ----
00000-00003     4  0  
00004-007FF    79  1965  
00800-00FFF     0  2048  
01000-017FF     0  2048  
01800-01FFF     0  2048  



