
ROM used:   78/8192 (1%)
            78/8192 (1%) including unused fragments

            0.1 Average locations per line
            7.8 Average locations per statement

RAM used:   7/368 (2%) at main() level
            8/368 (2%) worst case

Stack used: 1 worst case (1 in main + 0 for interrupts)
Stack size: 8

Lines Stmts  %   Files
----- ----- ---  -----
   22    10 100  HIEN THI LED DON.c
  671     0   0  C:\Program Files (x86)\PICC\Devices\16f877a.h
----- -----
  693    10 Total

Page ROM  %  RAM   Vol Diff  Functions:
---- --- --- ---   --- ----  ----------
0     23  29    1             @delay_ms1
0     51  65    0   179  2.2  main
 Inline         0             @cinit1

Program metrics:
    Functions               1
    Statements              10
    Comments                121
    Volume (V)              183
    Difficulty (D)          2.0
    Effort to implement (E) 371
    Time to implement (T)   0 minutes
    Est Delivered Bugs (B)  0
    Cyclomatic Complexity   1
    Maintainability (MI)    58

 Segment     Used  Free
-----------  ----  ----
00000-00003     4  0  
00004-007FF    74  1970  
00800-00FFF     0  2048  
01000-017FF     0  2048  
01800-01FFF     0  2048  



