
ROM used:   244/8192 (3%)
            244/8192 (3%) including unused fragments

            0.3 Average locations per line
            5.0 Average locations per statement

RAM used:   23/368 (6%) at main() level
            28/368 (8%) worst case

Stack used: 1 worst case (1 in main + 0 for interrupts)
Stack size: 8

Lines Stmts  %   Files
----- ----- ---  -----
   68    49 100  CODE.c
  671     0   0  ..\..\..\..\..\..\Program Files (x86)\PICC\Devices\16f877a.h
----- -----
  739    49 Total

Page ROM  %  RAM   Vol Diff  Functions:
---- --- --- ---   --- ----  ----------
0     21   9    1             @delay_ms1
0    182  75    2  1425  5.4  main
0     37  15    5             @DIV1616
 Inline         0             @cinit1

Program metrics:
    Functions               1
    Statements              49
    Comments                134
    Volume (V)              1433
    Difficulty (D)          5.2
    Effort to implement (E) 7508
    Time to implement (T)   7 minutes
    Est Delivered Bugs (B)  0
    Cyclomatic Complexity   1
    Maintainability (MI)    30

 Segment     Used  Free
-----------  ----  ----
00000-00003     4  0  
00004-007FF   240  1804  
00800-00FFF     0  2048  
01000-017FF     0  2048  
01800-01FFF     0  2048  



