
ROM used:   92/8192 (1%)
            92/8192 (1%) including unused fragments

            0.1 Average locations per line
            4.0 Average locations per statement

RAM used:   5/368 (1%) at main() level
            6/368 (2%) worst case

Stack used: 1 worst case (1 in main + 0 for interrupts)
Stack size: 8

Lines Stmts  %   Files
----- ----- ---  -----
   36    23 100  MAIN.c
  671     0   0  C:\Program Files (x86)\PICC\Devices\16f877a.h
----- -----
  707    23 Total

Page ROM  %  RAM   Vol Diff  Functions:
---- --- --- ---   --- ----  ----------
0     21  23    1             @delay_ms1
0     67  73    0   508  2.4  main
 Inline         0             @cinit1

Program metrics:
    Functions               1
    Statements              23
    Comments                124
    Volume (V)              513
    Difficulty (D)          2.3
    Effort to implement (E) 1173
    Time to implement (T)   1 minutes
    Est Delivered Bugs (B)  0
    Cyclomatic Complexity   1
    Maintainability (MI)    38

 Segment     Used  Free
-----------  ----  ----
00000-00003     4  0  
00004-007FF    88  1956  
00800-00FFF     0  2048  
01000-017FF     0  2048  
01800-01FFF     0  2048  



